TN:
SF:src/components/TaskList/index.tsx
FN:11,TaskList
FN:14,(anonymous_1)
FN:18,(anonymous_2)
FN:22,(anonymous_3)
FN:30,(anonymous_4)
FN:31,(anonymous_5)
FN:34,(anonymous_6)
FNF:7
FNH:3
FNDA:7,TaskList
FNDA:0,(anonymous_1)
FNDA:0,(anonymous_2)
FNDA:0,(anonymous_3)
FNDA:2,(anonymous_4)
FNDA:2,(anonymous_5)
FNDA:0,(anonymous_6)
DA:12,7
DA:14,7
DA:15,0
DA:22,0
DA:27,7
DA:30,2
DA:32,2
DA:34,0
DA:42,3
LF:9
LH:6
BRF:0
BRH:0
end_of_record
TN:
SF:src/context/TasksContext.tsx
FN:23,(anonymous_0)
FN:28,(anonymous_1)
FN:29,loadTasks
FN:40,(anonymous_3)
FN:50,(anonymous_4)
FN:51,(anonymous_5)
FN:63,useTaskList
FNF:7
FNH:7
FNDA:12,(anonymous_0)
FNDA:6,(anonymous_1)
FNDA:6,loadTasks
FNDA:3,(anonymous_3)
FNDA:1,(anonymous_4)
FNDA:1,(anonymous_5)
FNDA:13,useTaskList
DA:19,3
DA:21,3
DA:23,3
DA:26,12
DA:28,12
DA:30,6
DA:32,6
DA:33,2
DA:37,6
DA:40,12
DA:41,3
DA:42,3
DA:43,3
DA:44,3
DA:46,0
DA:50,12
DA:51,1
DA:52,1
DA:53,1
DA:56,12
DA:64,13
DA:66,13
DA:67,0
DA:70,13
LF:24
LH:22
BRDA:32,0,0,2
BRDA:32,0,1,4
BRDA:66,1,0,0
BRDA:66,1,1,13
BRF:4
BRH:3
end_of_record
TN:
SF:src/pages/Home/index.tsx
FN:14,Home
FN:19,(anonymous_1)
FNF:2
FNH:2
FNDA:6,Home
FNDA:1,(anonymous_1)
DA:15,6
DA:17,6
DA:19,6
DA:20,1
DA:25,1
DA:26,1
DA:29,6
DA:58,2
LF:8
LH:8
BRDA:22,0,0,1
BRDA:22,0,1,0
BRDA:78,1,0,2
BRDA:78,1,1,0
BRF:4
BRH:2
end_of_record
